Version: 1.1
Tue, 22 Nov 2022 16:50:26 GMT: Server listening at port 4000
(node:22931) [DEP0126] DeprecationWarning: timers.active() is deprecated. Please use timeout.refresh() instead.
(node:22931) [DEP0096] DeprecationWarning: timers.unenroll() is deprecated. Please use clearTimeout instead.
Tue, 22 Nov 2022 16:52:22 GMT: settings received from moderator.
Tue, 22 Nov 2022 16:52:23 GMT: game has started.
Tue, 22 Nov 2022 16:54:57 GMT: question received from moderator: 1- Which country has the best economy in the world?
/home/ec2-user/triviabillionia-socket/index.js:212
			analytics.times.questions[game_question.game_order].playing_users.push(temp);
			                                                                  ^

TypeError: analytics.times.questions[game_question.game_order].playing_users.push is not a function
    at Socket.<anonymous> (/home/ec2-user/triviabillionia-socket/index.js:212:70)
    at Socket.emit (events.js:210:5)
    at /home/ec2-user/triviabillionia-socket/node_modules/socket.io/lib/socket.js:513:12
    at processTicksAndRejections (internal/process/task_queues.js:75:11)
error: Forever detected script exited with code: 1
error: Script restart attempt #1
Version: 1.1
Tue, 22 Nov 2022 16:55:17 GMT: Server listening at port 4000
(node:22948) [DEP0126] DeprecationWarning: timers.active() is deprecated. Please use timeout.refresh() instead.
(node:22948) [DEP0096] DeprecationWarning: timers.unenroll() is deprecated. Please use clearTimeout instead.
Tue, 22 Nov 2022 16:55:18 GMT: moderator reconnected.
Tue, 22 Nov 2022 16:55:18 GMT: settings received from moderator.
Tue, 22 Nov 2022 16:55:34 GMT: question received from moderator: 1. Which of these Nigerian Artistes goes by the stage name BNXN (BUJU)?
/home/ec2-user/triviabillionia-socket/index.js:203
				analytics.times.questions[question.game_order] = {
				                ^

TypeError: Cannot read property 'questions' of undefined
    at doCallback (/home/ec2-user/triviabillionia-socket/index.js:203:21)
    at Socket.<anonymous> (/home/ec2-user/triviabillionia-socket/index.js:198:5)
    at Socket.emit (events.js:210:5)
    at /home/ec2-user/triviabillionia-socket/node_modules/socket.io/lib/socket.js:513:12
    at processTicksAndRejections (internal/process/task_queues.js:75:11)
error: Forever detected script exited with code: 1
error: Script restart attempt #2
Version: 1.1
Tue, 22 Nov 2022 16:55:34 GMT: Server listening at port 4000
(node:22960) [DEP0126] DeprecationWarning: timers.active() is deprecated. Please use timeout.refresh() instead.
(node:22960) [DEP0096] DeprecationWarning: timers.unenroll() is deprecated. Please use clearTimeout instead.
Tue, 22 Nov 2022 16:55:35 GMT: moderator reconnected.
Tue, 22 Nov 2022 16:55:35 GMT: settings received from moderator.
/home/ec2-user/triviabillionia-socket/index.js:212
			analytics.times.questions[game_question.game_order].playing_users.push(temp);
			                ^

TypeError: Cannot read property 'questions' of undefined
    at Socket.<anonymous> (/home/ec2-user/triviabillionia-socket/index.js:212:20)
    at Socket.emit (events.js:210:5)
    at /home/ec2-user/triviabillionia-socket/node_modules/socket.io/lib/socket.js:513:12
    at processTicksAndRejections (internal/process/task_queues.js:75:11)
error: Forever detected script exited with code: 1
error: Script restart attempt #3
Version: 1.1
Tue, 22 Nov 2022 16:55:55 GMT: Server listening at port 4000
(node:22971) [DEP0126] DeprecationWarning: timers.active() is deprecated. Please use timeout.refresh() instead.
(node:22971) [DEP0096] DeprecationWarning: timers.unenroll() is deprecated. Please use clearTimeout instead.
Tue, 22 Nov 2022 16:55:55 GMT: moderator reconnected.
Tue, 22 Nov 2022 16:55:55 GMT: settings received from moderator.
error: Forever detected script was killed by signal: SIGKILL
