Version: 1.1
Thu, 24 Nov 2022 15:33:31 GMT: Server listening at port 4000
(node:3341) [DEP0126] DeprecationWarning: timers.active() is deprecated. Please use timeout.refresh() instead.
(node:3341) [DEP0096] DeprecationWarning: timers.unenroll() is deprecated. Please use clearTimeout instead.
Thu, 24 Nov 2022 15:36:06 GMT: settings received from moderator.
Thu, 24 Nov 2022 15:36:09 GMT: game has started.
Thu, 24 Nov 2022 15:38:51 GMT: question received from moderator: 2. How many colonies made up the initial USA states at independence ?
Thu, 24 Nov 2022 15:39:11 GMT: announce correct answer for question 2. How many colonies made up the initial USA states at independence ?
Thu, 24 Nov 2022 15:40:42 GMT: question received from moderator: 3. The holy month of Ramadan is a time mostly known for .....
Thu, 24 Nov 2022 15:41:02 GMT: announce correct answer for question 3. The holy month of Ramadan is a time mostly known for .....
Thu, 24 Nov 2022 15:42:46 GMT: moderator reconnected.
Thu, 24 Nov 2022 15:42:46 GMT: settings received from moderator.
Thu, 24 Nov 2022 15:43:03 GMT: question received from moderator: 3 -The part of the brain that is nicked name seat of intelligence is
Thu, 24 Nov 2022 15:43:23 GMT: announce correct answer for question 3 -The part of the brain that is nicked name seat of intelligence is
Thu, 24 Nov 2022 15:43:26 GMT: moderator has disconnected. Waiting 60 seconds to verify it's not an accident.
Thu, 24 Nov 2022 15:44:26 GMT: moderator has fully disconnected (60 seconds has passed since disconnect event). Disconnecing all users.
Thu, 24 Nov 2022 15:44:54 GMT: question received from moderator: 6. Which of these sports is played at Wimbledon?
/home/ec2-user/triviabillionia-socket/index.js:218
				analytics.times.questions[question.game_order] = {
				                ^

TypeError: Cannot read property 'questions' of undefined
    at doCallback (/home/ec2-user/triviabillionia-socket/index.js:218:21)
    at Socket.<anonymous> (/home/ec2-user/triviabillionia-socket/index.js:213:5)
    at Socket.emit (events.js:210:5)
    at /home/ec2-user/triviabillionia-socket/node_modules/socket.io/lib/socket.js:513:12
    at processTicksAndRejections (internal/process/task_queues.js:75:11)
error: Forever detected script exited with code: 1
error: Script restart attempt #1
Version: 1.1
Thu, 24 Nov 2022 15:44:54 GMT: Server listening at port 4000
(node:3372) [DEP0126] DeprecationWarning: timers.active() is deprecated. Please use timeout.refresh() instead.
(node:3372) [DEP0096] DeprecationWarning: timers.unenroll() is deprecated. Please use clearTimeout instead.
Thu, 24 Nov 2022 15:44:55 GMT: moderator reconnected.
Thu, 24 Nov 2022 15:44:55 GMT: settings received from moderator.
/home/ec2-user/triviabillionia-socket/index.js:246
				doCallback(game_question.correct, m_correct());
				                         ^

TypeError: Cannot read property 'correct' of undefined
    at Socket.<anonymous> (/home/ec2-user/triviabillionia-socket/index.js:246:30)
    at Socket.emit (events.js:210:5)
    at /home/ec2-user/triviabillionia-socket/node_modules/socket.io/lib/socket.js:513:12
    at processTicksAndRejections (internal/process/task_queues.js:75:11)
error: Forever detected script exited with code: 1
error: Script restart attempt #2
Version: 1.1
Thu, 24 Nov 2022 15:45:15 GMT: Server listening at port 4000
(node:3383) [DEP0126] DeprecationWarning: timers.active() is deprecated. Please use timeout.refresh() instead.
(node:3383) [DEP0096] DeprecationWarning: timers.unenroll() is deprecated. Please use clearTimeout instead.
Thu, 24 Nov 2022 15:45:15 GMT: moderator reconnected.
Thu, 24 Nov 2022 15:45:16 GMT: settings received from moderator.
Thu, 24 Nov 2022 15:47:15 GMT: question received from moderator: 5. Which of these is the correct order to apply make up ?
/home/ec2-user/triviabillionia-socket/index.js:218
				analytics.times.questions[question.game_order] = {
				                ^

TypeError: Cannot read property 'questions' of undefined
    at doCallback (/home/ec2-user/triviabillionia-socket/index.js:218:21)
    at Socket.<anonymous> (/home/ec2-user/triviabillionia-socket/index.js:213:5)
    at Socket.emit (events.js:210:5)
    at /home/ec2-user/triviabillionia-socket/node_modules/socket.io/lib/socket.js:513:12
    at processTicksAndRejections (internal/process/task_queues.js:75:11)
error: Forever detected script exited with code: 1
error: Script restart attempt #3
Version: 1.1
Thu, 24 Nov 2022 15:47:15 GMT: Server listening at port 4000
(node:3397) [DEP0126] DeprecationWarning: timers.active() is deprecated. Please use timeout.refresh() instead.
(node:3397) [DEP0096] DeprecationWarning: timers.unenroll() is deprecated. Please use clearTimeout instead.
Thu, 24 Nov 2022 15:47:16 GMT: moderator reconnected.
Thu, 24 Nov 2022 15:47:16 GMT: settings received from moderator.
/home/ec2-user/triviabillionia-socket/index.js:246
				doCallback(game_question.correct, m_correct());
				                         ^

TypeError: Cannot read property 'correct' of undefined
    at Socket.<anonymous> (/home/ec2-user/triviabillionia-socket/index.js:246:30)
    at Socket.emit (events.js:210:5)
    at /home/ec2-user/triviabillionia-socket/node_modules/socket.io/lib/socket.js:513:12
    at processTicksAndRejections (internal/process/task_queues.js:75:11)
error: Forever detected script exited with code: 1
error: Script restart attempt #4
Version: 1.1
Thu, 24 Nov 2022 15:47:36 GMT: Server listening at port 4000
(node:3408) [DEP0126] DeprecationWarning: timers.active() is deprecated. Please use timeout.refresh() instead.
(node:3408) [DEP0096] DeprecationWarning: timers.unenroll() is deprecated. Please use clearTimeout instead.
Thu, 24 Nov 2022 15:47:36 GMT: moderator reconnected.
Thu, 24 Nov 2022 15:47:37 GMT: settings received from moderator.
Thu, 24 Nov 2022 15:51:58 GMT: question received from moderator: 4. Who is the current president of the Nigerian Football Federation?
/home/ec2-user/triviabillionia-socket/index.js:218
				analytics.times.questions[question.game_order] = {
				                ^

TypeError: Cannot read property 'questions' of undefined
    at doCallback (/home/ec2-user/triviabillionia-socket/index.js:218:21)
    at Socket.<anonymous> (/home/ec2-user/triviabillionia-socket/index.js:213:5)
    at Socket.emit (events.js:210:5)
    at /home/ec2-user/triviabillionia-socket/node_modules/socket.io/lib/socket.js:513:12
    at processTicksAndRejections (internal/process/task_queues.js:75:11)
error: Forever detected script exited with code: 1
error: Script restart attempt #5
Version: 1.1
Thu, 24 Nov 2022 15:51:59 GMT: Server listening at port 4000
(node:3431) [DEP0126] DeprecationWarning: timers.active() is deprecated. Please use timeout.refresh() instead.
(node:3431) [DEP0096] DeprecationWarning: timers.unenroll() is deprecated. Please use clearTimeout instead.
Thu, 24 Nov 2022 15:51:59 GMT: moderator reconnected.
Thu, 24 Nov 2022 15:52:00 GMT: settings received from moderator.
/home/ec2-user/triviabillionia-socket/index.js:246
				doCallback(game_question.correct, m_correct());
				                         ^

TypeError: Cannot read property 'correct' of undefined
    at Socket.<anonymous> (/home/ec2-user/triviabillionia-socket/index.js:246:30)
    at Socket.emit (events.js:210:5)
    at /home/ec2-user/triviabillionia-socket/node_modules/socket.io/lib/socket.js:513:12
    at processTicksAndRejections (internal/process/task_queues.js:75:11)
error: Forever detected script exited with code: 1
error: Script restart attempt #6
Version: 1.1
Thu, 24 Nov 2022 15:52:19 GMT: Server listening at port 4000
(node:3442) [DEP0126] DeprecationWarning: timers.active() is deprecated. Please use timeout.refresh() instead.
(node:3442) [DEP0096] DeprecationWarning: timers.unenroll() is deprecated. Please use clearTimeout instead.
Thu, 24 Nov 2022 15:52:19 GMT: moderator reconnected.
Thu, 24 Nov 2022 15:52:20 GMT: settings received from moderator.
Thu, 24 Nov 2022 15:53:21 GMT: question received from moderator: 8.What technology is used to describe telephone calls over the Internet?
/home/ec2-user/triviabillionia-socket/index.js:218
				analytics.times.questions[question.game_order] = {
				                ^

TypeError: Cannot read property 'questions' of undefined
    at doCallback (/home/ec2-user/triviabillionia-socket/index.js:218:21)
    at Socket.<anonymous> (/home/ec2-user/triviabillionia-socket/index.js:213:5)
    at Socket.emit (events.js:210:5)
    at /home/ec2-user/triviabillionia-socket/node_modules/socket.io/lib/socket.js:513:12
    at processTicksAndRejections (internal/process/task_queues.js:75:11)
error: Forever detected script exited with code: 1
error: Script restart attempt #7
Version: 1.1
Thu, 24 Nov 2022 15:53:22 GMT: Server listening at port 4000
(node:3491) [DEP0126] DeprecationWarning: timers.active() is deprecated. Please use timeout.refresh() instead.
(node:3491) [DEP0096] DeprecationWarning: timers.unenroll() is deprecated. Please use clearTimeout instead.
Thu, 24 Nov 2022 15:53:22 GMT: moderator reconnected.
Thu, 24 Nov 2022 15:53:23 GMT: settings received from moderator.
/home/ec2-user/triviabillionia-socket/index.js:246
				doCallback(game_question.correct, m_correct());
				                         ^

TypeError: Cannot read property 'correct' of undefined
    at Socket.<anonymous> (/home/ec2-user/triviabillionia-socket/index.js:246:30)
    at Socket.emit (events.js:210:5)
    at /home/ec2-user/triviabillionia-socket/node_modules/socket.io/lib/socket.js:513:12
    at processTicksAndRejections (internal/process/task_queues.js:75:11)
error: Forever detected script exited with code: 1
error: Script restart attempt #8
Version: 1.1
Thu, 24 Nov 2022 15:53:42 GMT: Server listening at port 4000
(node:3502) [DEP0126] DeprecationWarning: timers.active() is deprecated. Please use timeout.refresh() instead.
(node:3502) [DEP0096] DeprecationWarning: timers.unenroll() is deprecated. Please use clearTimeout instead.
Thu, 24 Nov 2022 15:53:42 GMT: moderator reconnected.
Thu, 24 Nov 2022 15:53:43 GMT: settings received from moderator.
Thu, 24 Nov 2022 15:55:12 GMT: question received from moderator: 8.  Champagne is a type of  _________ produced from france.
/home/ec2-user/triviabillionia-socket/index.js:218
				analytics.times.questions[question.game_order] = {
				                ^

TypeError: Cannot read property 'questions' of undefined
    at doCallback (/home/ec2-user/triviabillionia-socket/index.js:218:21)
    at Socket.<anonymous> (/home/ec2-user/triviabillionia-socket/index.js:213:5)
    at Socket.emit (events.js:210:5)
    at /home/ec2-user/triviabillionia-socket/node_modules/socket.io/lib/socket.js:513:12
    at processTicksAndRejections (internal/process/task_queues.js:75:11)
error: Forever detected script exited with code: 1
error: Script restart attempt #9
Version: 1.1
Thu, 24 Nov 2022 15:55:12 GMT: Server listening at port 4000
(node:3515) [DEP0126] DeprecationWarning: timers.active() is deprecated. Please use timeout.refresh() instead.
(node:3515) [DEP0096] DeprecationWarning: timers.unenroll() is deprecated. Please use clearTimeout instead.
Thu, 24 Nov 2022 15:55:13 GMT: moderator reconnected.
Thu, 24 Nov 2022 15:55:13 GMT: settings received from moderator.
error: Forever detected script was killed by signal: SIGKILL
