Version: 1.1
Thu, 24 Nov 2022 19:26:26 GMT: Server listening at port 4000
(node:6104) [DEP0126] DeprecationWarning: timers.active() is deprecated. Please use timeout.refresh() instead.
(node:6104) [DEP0096] DeprecationWarning: timers.unenroll() is deprecated. Please use clearTimeout instead.
made connection!!!
Thu, 24 Nov 2022 19:26:26 GMT: moderator reconnected.
Thu, 24 Nov 2022 19:26:26 GMT: settings received from moderator.
Thu, 24 Nov 2022 19:26:30 GMT: moderator has disconnected. Waiting 600 seconds to verify it's not an accident.
made connection!!!
Thu, 24 Nov 2022 19:26:33 GMT: settings received from moderator.
Thu, 24 Nov 2022 19:26:35 GMT: game has started.
Thu, 24 Nov 2022 19:30:27 GMT: question received from moderator: 2. How many colonies made up the initial USA states at independence ?
Thu, 24 Nov 2022 19:30:48 GMT: announce correct answer for question 2. How many colonies made up the initial USA states at independence ?
/home/ec2-user/triviabillionia-socket/index.js:266
				analytics.answered_correctly[question.game_order].push(123);
				                             ^

ReferenceError: question is not defined
    at doCallback (/home/ec2-user/triviabillionia-socket/index.js:266:34)
    at Socket.<anonymous> (/home/ec2-user/triviabillionia-socket/index.js:250:5)
    at Socket.emit (events.js:210:5)
    at /home/ec2-user/triviabillionia-socket/node_modules/socket.io/lib/socket.js:513:12
    at processTicksAndRejections (internal/process/task_queues.js:75:11)
error: Forever detected script exited with code: 1
error: Script restart attempt #1
Version: 1.1
Thu, 24 Nov 2022 19:30:48 GMT: Server listening at port 4000
(node:6127) [DEP0126] DeprecationWarning: timers.active() is deprecated. Please use timeout.refresh() instead.
(node:6127) [DEP0096] DeprecationWarning: timers.unenroll() is deprecated. Please use clearTimeout instead.
made connection!!!
Thu, 24 Nov 2022 19:30:48 GMT: moderator reconnected.
Thu, 24 Nov 2022 19:30:48 GMT: settings received from moderator.
Thu, 24 Nov 2022 19:31:44 GMT: question received from moderator: 3. The holy month of Ramadan is a time mostly known for .....
/home/ec2-user/triviabillionia-socket/index.js:222
				analytics.times.questions[question.game_order] = {
				                ^

TypeError: Cannot read property 'questions' of undefined
    at doCallback (/home/ec2-user/triviabillionia-socket/index.js:222:21)
    at Socket.<anonymous> (/home/ec2-user/triviabillionia-socket/index.js:217:5)
    at Socket.emit (events.js:210:5)
    at /home/ec2-user/triviabillionia-socket/node_modules/socket.io/lib/socket.js:513:12
    at processTicksAndRejections (internal/process/task_queues.js:75:11)
error: Forever detected script exited with code: 1
error: Script restart attempt #2
Version: 1.1
Thu, 24 Nov 2022 19:31:44 GMT: Server listening at port 4000
(node:6139) [DEP0126] DeprecationWarning: timers.active() is deprecated. Please use timeout.refresh() instead.
(node:6139) [DEP0096] DeprecationWarning: timers.unenroll() is deprecated. Please use clearTimeout instead.
made connection!!!
Thu, 24 Nov 2022 19:31:45 GMT: moderator reconnected.
Thu, 24 Nov 2022 19:31:46 GMT: settings received from moderator.
/home/ec2-user/triviabillionia-socket/index.js:250
				doCallback(game_question.correct, m_correct());
				                         ^

TypeError: Cannot read property 'correct' of undefined
    at Socket.<anonymous> (/home/ec2-user/triviabillionia-socket/index.js:250:30)
    at Socket.emit (events.js:210:5)
    at /home/ec2-user/triviabillionia-socket/node_modules/socket.io/lib/socket.js:513:12
    at processTicksAndRejections (internal/process/task_queues.js:75:11)
error: Forever detected script exited with code: 1
error: Script restart attempt #3
Version: 1.1
Thu, 24 Nov 2022 19:32:06 GMT: Server listening at port 4000
(node:6150) [DEP0126] DeprecationWarning: timers.active() is deprecated. Please use timeout.refresh() instead.
(node:6150) [DEP0096] DeprecationWarning: timers.unenroll() is deprecated. Please use clearTimeout instead.
made connection!!!
Thu, 24 Nov 2022 19:32:07 GMT: moderator reconnected.
Thu, 24 Nov 2022 19:32:07 GMT: settings received from moderator.
Thu, 24 Nov 2022 19:32:13 GMT: question received from moderator: 3 -The part of the brain that is nicked name seat of intelligence is
/home/ec2-user/triviabillionia-socket/index.js:222
				analytics.times.questions[question.game_order] = {
				                ^

TypeError: Cannot read property 'questions' of undefined
    at doCallback (/home/ec2-user/triviabillionia-socket/index.js:222:21)
    at Socket.<anonymous> (/home/ec2-user/triviabillionia-socket/index.js:217:5)
    at Socket.emit (events.js:210:5)
    at /home/ec2-user/triviabillionia-socket/node_modules/socket.io/lib/socket.js:513:12
    at processTicksAndRejections (internal/process/task_queues.js:75:11)
error: Forever detected script exited with code: 1
error: Script restart attempt #4
Version: 1.1
Thu, 24 Nov 2022 19:32:13 GMT: Server listening at port 4000
(node:6161) [DEP0126] DeprecationWarning: timers.active() is deprecated. Please use timeout.refresh() instead.
(node:6161) [DEP0096] DeprecationWarning: timers.unenroll() is deprecated. Please use clearTimeout instead.
made connection!!!
Thu, 24 Nov 2022 19:32:14 GMT: moderator reconnected.
Thu, 24 Nov 2022 19:32:14 GMT: settings received from moderator.
/home/ec2-user/triviabillionia-socket/index.js:250
				doCallback(game_question.correct, m_correct());
				                         ^

TypeError: Cannot read property 'correct' of undefined
    at Socket.<anonymous> (/home/ec2-user/triviabillionia-socket/index.js:250:30)
    at Socket.emit (events.js:210:5)
    at /home/ec2-user/triviabillionia-socket/node_modules/socket.io/lib/socket.js:513:12
    at processTicksAndRejections (internal/process/task_queues.js:75:11)
error: Forever detected script exited with code: 1
error: Script restart attempt #5
Version: 1.1
Thu, 24 Nov 2022 19:32:34 GMT: Server listening at port 4000
(node:6173) [DEP0126] DeprecationWarning: timers.active() is deprecated. Please use timeout.refresh() instead.
(node:6173) [DEP0096] DeprecationWarning: timers.unenroll() is deprecated. Please use clearTimeout instead.
made connection!!!
Thu, 24 Nov 2022 19:32:34 GMT: moderator reconnected.
Thu, 24 Nov 2022 19:32:34 GMT: settings received from moderator.
Thu, 24 Nov 2022 19:32:36 GMT: question received from moderator: 6. Which of these sports is played at Wimbledon?
/home/ec2-user/triviabillionia-socket/index.js:222
				analytics.times.questions[question.game_order] = {
				                ^

TypeError: Cannot read property 'questions' of undefined
    at doCallback (/home/ec2-user/triviabillionia-socket/index.js:222:21)
    at Socket.<anonymous> (/home/ec2-user/triviabillionia-socket/index.js:217:5)
    at Socket.emit (events.js:210:5)
    at /home/ec2-user/triviabillionia-socket/node_modules/socket.io/lib/socket.js:513:12
    at processTicksAndRejections (internal/process/task_queues.js:75:11)
error: Forever detected script exited with code: 1
error: Script restart attempt #6
Version: 1.1
Thu, 24 Nov 2022 19:32:36 GMT: Server listening at port 4000
(node:6184) [DEP0126] DeprecationWarning: timers.active() is deprecated. Please use timeout.refresh() instead.
(node:6184) [DEP0096] DeprecationWarning: timers.unenroll() is deprecated. Please use clearTimeout instead.
made connection!!!
Thu, 24 Nov 2022 19:32:36 GMT: moderator reconnected.
Thu, 24 Nov 2022 19:32:36 GMT: settings received from moderator.
/home/ec2-user/triviabillionia-socket/index.js:344
			analytics.times[what] = new Date().toISOString();
			                      ^

TypeError: Cannot set property 'winners' of undefined
    at Socket.<anonymous> (/home/ec2-user/triviabillionia-socket/index.js:344:26)
    at Socket.emit (events.js:210:5)
    at /home/ec2-user/triviabillionia-socket/node_modules/socket.io/lib/socket.js:513:12
    at processTicksAndRejections (internal/process/task_queues.js:75:11)
error: Forever detected script exited with code: 1
error: Script restart attempt #7
Version: 1.1
Thu, 24 Nov 2022 19:32:55 GMT: Server listening at port 4000
(node:6195) [DEP0126] DeprecationWarning: timers.active() is deprecated. Please use timeout.refresh() instead.
(node:6195) [DEP0096] DeprecationWarning: timers.unenroll() is deprecated. Please use clearTimeout instead.
made connection!!!
Thu, 24 Nov 2022 19:32:56 GMT: moderator reconnected.
Thu, 24 Nov 2022 19:32:56 GMT: settings received from moderator.
/home/ec2-user/triviabillionia-socket/index.js:250
				doCallback(game_question.correct, m_correct());
				                         ^

TypeError: Cannot read property 'correct' of undefined
    at Socket.<anonymous> (/home/ec2-user/triviabillionia-socket/index.js:250:30)
    at Socket.emit (events.js:210:5)
    at /home/ec2-user/triviabillionia-socket/node_modules/socket.io/lib/socket.js:513:12
    at processTicksAndRejections (internal/process/task_queues.js:75:11)
error: Forever detected script exited with code: 1
error: Script restart attempt #8
Version: 1.1
Thu, 24 Nov 2022 19:32:56 GMT: Server listening at port 4000
(node:6206) [DEP0126] DeprecationWarning: timers.active() is deprecated. Please use timeout.refresh() instead.
(node:6206) [DEP0096] DeprecationWarning: timers.unenroll() is deprecated. Please use clearTimeout instead.
made connection!!!
Thu, 24 Nov 2022 19:32:56 GMT: moderator reconnected.
Thu, 24 Nov 2022 19:32:57 GMT: settings received from moderator.
/home/ec2-user/triviabillionia-socket/index.js:344
			analytics.times[what] = new Date().toISOString();
			                      ^

TypeError: Cannot set property 'winners' of undefined
    at Socket.<anonymous> (/home/ec2-user/triviabillionia-socket/index.js:344:26)
    at Socket.emit (events.js:210:5)
    at /home/ec2-user/triviabillionia-socket/node_modules/socket.io/lib/socket.js:513:12
    at processTicksAndRejections (internal/process/task_queues.js:75:11)
error: Forever detected script exited with code: 1
error: Script restart attempt #9
Version: 1.1
Thu, 24 Nov 2022 19:33:03 GMT: Server listening at port 4000
(node:6217) [DEP0126] DeprecationWarning: timers.active() is deprecated. Please use timeout.refresh() instead.
(node:6217) [DEP0096] DeprecationWarning: timers.unenroll() is deprecated. Please use clearTimeout instead.
made connection!!!
Thu, 24 Nov 2022 19:33:03 GMT: moderator reconnected.
Thu, 24 Nov 2022 19:33:03 GMT: settings received from moderator.
Thu, 24 Nov 2022 19:33:05 GMT: moderator has disconnected. Waiting 600 seconds to verify it's not an accident.
error: Forever detected script was killed by signal: SIGKILL
